This is XeTeX, Version 3.14159265-2.6-0.99992 (TeX Live 2015) (preloaded format=xelatex 2015.11.16)  20 JAN 2016 22:28
entering extended mode
 restricted \write18 enabled.
 %&-line parsing enabled.
**data-structures.md
(./data-structures.md
LaTeX2e <2015/01/01>
Babel <3.9l> and hyphenation patterns for 21 languages loaded.
! You can't use `macro parameter character #' in vertical mode.
l.1 #
      Data Structures
? 
! Emergency stop.
l.1 #
      Data Structures
End of file on the terminal!

 
Here is how much of TeX's memory you used:
 5 strings out of 495158
 75 string characters out of 6175468
 47613 words of memory out of 5000000
 3362 multiletter control sequences out of 15000+600000
 3640 words of font info for 14 fonts, out of 8000000 for 9000
 319 hyphenation exceptions out of 8191
 5i,0n,1p,38b,8s stack positions out of 5000i,500n,10000p,200000b,80000s
No pages of output.
